#
# There is insufficient memory for the Java Runtime Environment to continue.
# Native memory allocation (malloc) failed to allocate 1189456 bytes for Chunk::new
# Possible reasons:
#   The system is out of physical RAM or swap space
#   The process is running with CompressedOops enabled, and the Java Heap may be blocking the growth of the native heap
# Possible solutions:
#   Reduce memory load on the system
#   Increase physical memory or swap space
#   Check if swap backing store is full
#   Decrease Java heap size (-Xmx/-Xms)
#   Decrease number of Java threads
#   Decrease Java thread stack sizes (-Xss)
#   Set larger code cache with -XX:ReservedCodeCacheSize=
#   JVM is running with Unscaled Compressed Oops mode in which the Java heap is
#     placed in the first 4GB address space. The Java Heap base address is the
#     maximum limit for the native heap growth. Please use -XX:HeapBaseMinAddress
#     to set the Java Heap base and to place the Java Heap above 4GB virtual address.
# This output file may be truncated or incomplete.
#
#  Out of Memory Error (allocation.cpp:389), pid=9168, tid=0x0000000000002298
#
# JRE version: OpenJDK Runtime Environment (8.0_242-b01) (build 1.8.0_242-release-1644-b01)
# Java VM: OpenJDK 64-Bit Server VM (25.242-b01 mixed mode windows-amd64 compressed oops)
# Failed to write core dump. Minidumps are not enabled by default on client versions of Windows
#

---------------  T H R E A D  ---------------

Current thread (0x0000000017d8c000):  JavaThread "C2 CompilerThread1" daemon [_thread_in_native, id=8856, stack(0x000000001a540000,0x000000001a640000)]

Stack: [0x000000001a540000,0x000000001a640000]
[error occurred during error reporting (printing stack bounds), id 0xc0000005]

Native frames: (J=compiled Java code, j=interpreted, Vv=VM code, C=native code)


Current CompileTask:
C2:  10706 11745 %     4       com.android.tools.r8.ir.regalloc.a::a @ 16 (1761 bytes)


---------------  P R O C E S S  ---------------

Java Threads: ( => current thread )
  0x0000000020214800 JavaThread "WorkerExecutor Queue" [_thread_blocked, id=14524, stack(0x000000002fa70000,0x000000002fb70000)]
  0x000000002020f000 JavaThread "Cache worker for execution history cache (C:\Users\slava\AndroidStudioProjects\xmlreader\.gradle\6.5\executionHistory)" [_thread_blocked, id=15712, stack(0x000000002f570000,0x000000002f670000)]
  0x0000000020212000 JavaThread "Execution worker for ':' Thread 7" [_thread_blocked, id=1620, stack(0x000000002f470000,0x000000002f570000)]
  0x0000000020213800 JavaThread "Execution worker for ':' Thread 6" [_thread_blocked, id=12520, stack(0x000000002f370000,0x000000002f470000)]
  0x0000000020211800 JavaThread "Execution worker for ':' Thread 5" [_thread_blocked, id=16316, stack(0x000000002f270000,0x000000002f370000)]
  0x0000000020210800 JavaThread "Execution worker for ':' Thread 4" [_thread_blocked, id=1212, stack(0x000000002f170000,0x000000002f270000)]
  0x0000000020213000 JavaThread "Execution worker for ':' Thread 3" [_thread_blocked, id=7492, stack(0x000000002f070000,0x000000002f170000)]
  0x0000000020209000 JavaThread "Execution worker for ':' Thread 2" [_thread_blocked, id=15352, stack(0x000000002ef70000,0x000000002f070000)]
  0x0000000020210000 JavaThread "Execution worker for ':'" [_thread_blocked, id=15104, stack(0x000000002ec10000,0x000000002ed10000)]
  0x000000002020a800 JavaThread "Cache worker for file content cache (C:\Users\slava\AndroidStudioProjects\xmlreader\.gradle\6.5\fileContent)" [_thread_blocked, id=980, stack(0x000000002e710000,0x000000002e810000)]
  0x000000002020e800 JavaThread "Memory manager" [_thread_blocked, id=3632, stack(0x000000002ca30000,0x000000002cb30000)]
  0x000000002020a000 JavaThread "pool-1-thread-1" [_thread_blocked, id=14460, stack(0x000000002c450000,0x000000002c550000)]
  0x000000002020b800 JavaThread "Cache worker for Build Output Cleanup Cache (C:\Users\slava\AndroidStudioProjects\xmlreader\.gradle\buildOutputCleanup)" [_thread_blocked, id=2688, stack(0x000000002bf20000,0x000000002c020000)]
  0x000000002221c000 JavaThread "jar transforms Thread 114" [_thread_blocked, id=4496, stack(0x000000002be20000,0x000000002bf20000)]
  0x000000002221b800 JavaThread "jar transforms Thread 113" [_thread_blocked, id=6744, stack(0x000000002bd20000,0x000000002be20000)]
  0x000000002221a800 JavaThread "jar transforms Thread 112" [_thread_blocked, id=12528, stack(0x000000002bc20000,0x000000002bd20000)]
  0x000000002221a000 JavaThread "jar transforms Thread 111" [_thread_blocked, id=9824, stack(0x000000002bb20000,0x000000002bc20000)]
  0x0000000022212800 JavaThread "jar transforms Thread 110" [_thread_blocked, id=13932, stack(0x000000002ba20000,0x000000002bb20000)]
  0x0000000022217800 JavaThread "jar transforms Thread 109" [_thread_blocked, id=15368, stack(0x000000002b920000,0x000000002ba20000)]
  0x0000000022217000 JavaThread "jar transforms Thread 108" [_thread_blocked, id=6832, stack(0x000000002b720000,0x000000002b820000)]
  0x0000000022218800 JavaThread "jar transforms Thread 107" [_thread_blocked, id=8444, stack(0x000000002b620000,0x000000002b720000)]
  0x0000000022216000 JavaThread "jar transforms Thread 106" [_thread_blocked, id=1500, stack(0x000000002b520000,0x000000002b620000)]
  0x0000000022213000 JavaThread "jar transforms Thread 105" [_thread_blocked, id=920, stack(0x000000002b420000,0x000000002b520000)]
  0x0000000022214800 JavaThread "jar transforms Thread 104" [_thread_blocked, id=13452, stack(0x000000002b320000,0x000000002b420000)]
  0x0000000022219000 JavaThread "jar transforms Thread 103" [_thread_blocked, id=8880, stack(0x000000002b220000,0x000000002b320000)]
  0x0000000022215800 JavaThread "jar transforms Thread 102" [_thread_blocked, id=6500, stack(0x000000002b120000,0x000000002b220000)]
  0x0000000022210000 JavaThread "jar transforms Thread 101" [_thread_blocked, id=8276, stack(0x000000002b020000,0x000000002b120000)]
  0x0000000022211800 JavaThread "jar transforms Thread 100" [_thread_blocked, id=832, stack(0x000000002af20000,0x000000002b020000)]
  0x000000002220d000 JavaThread "jar transforms Thread 99" [_thread_blocked, id=16092, stack(0x000000002ae20000,0x000000002af20000)]
  0x000000002220f800 JavaThread "jar transforms Thread 98" [_thread_blocked, id=5296, stack(0x000000002ad20000,0x000000002ae20000)]
  0x000000002220e800 JavaThread "jar transforms Thread 97" [_thread_blocked, id=7628, stack(0x000000002ac20000,0x000000002ad20000)]
  0x0000000022214000 JavaThread "jar transforms Thread 96" [_thread_blocked, id=11720, stack(0x000000002ab20000,0x000000002ac20000)]
  0x000000002220e000 JavaThread "jar transforms Thread 95" [_thread_blocked, id=13440, stack(0x000000002aa20000,0x000000002ab20000)]
  0x0000000022211000 JavaThread "jar transforms Thread 94" [_thread_blocked, id=5148, stack(0x000000002a920000,0x000000002aa20000)]
  0x000000001f335800 JavaThread "jar transforms Thread 93" [_thread_blocked, id=7416, stack(0x000000002a820000,0x000000002a920000)]
  0x000000001f334800 JavaThread "jar transforms Thread 92" [_thread_blocked, id=9680, stack(0x000000002a720000,0x000000002a820000)]
  0x000000001f334000 JavaThread "jar transforms Thread 91" [_thread_blocked, id=13520, stack(0x000000002a620000,0x000000002a720000)]
  0x000000001f33a000 JavaThread "jar transforms Thread 90" [_thread_blocked, id=13644, stack(0x000000002a520000,0x000000002a620000)]
  0x000000001f337800 JavaThread "jar transforms Thread 89" [_thread_blocked, id=6232, stack(0x000000002a420000,0x000000002a520000)]
  0x000000001f337000 JavaThread "jar transforms Thread 88" [_thread_blocked, id=8156, stack(0x000000002a320000,0x000000002a420000)]
  0x000000001f339000 JavaThread "jar transforms Thread 87" [_thread_blocked, id=13288, stack(0x000000002a220000,0x000000002a320000)]
  0x000000001f338800 JavaThread "jar transforms Thread 86" [_thread_blocked, id=10840, stack(0x000000002a120000,0x000000002a220000)]
  0x000000001f32f800 JavaThread "jar transforms Thread 85" [_thread_blocked, id=11504, stack(0x000000002a020000,0x000000002a120000)]
  0x000000001f333000 JavaThread "jar transforms Thread 84" [_thread_blocked, id=8896, stack(0x0000000029f20000,0x000000002a020000)]
  0x000000001f336000 JavaThread "jar transforms Thread 83" [_thread_blocked, id=2676, stack(0x0000000029e20000,0x0000000029f20000)]
  0x000000001f332800 JavaThread "jar transforms Thread 82" [_thread_blocked, id=16280, stack(0x0000000029d20000,0x0000000029e20000)]
  0x000000001f32a800 JavaThread "jar transforms Thread 81" [_thread_blocked, id=5848, stack(0x0000000029c20000,0x0000000029d20000)]
  0x000000001f331000 JavaThread "jar transforms Thread 80" [_thread_blocked, id=7312, stack(0x0000000029b20000,0x0000000029c20000)]
  0x000000001f330000 JavaThread "jar transforms Thread 79" [_thread_blocked, id=11248, stack(0x0000000029a20000,0x0000000029b20000)]
  0x000000001f32e800 JavaThread "jar transforms Thread 78" [_thread_blocked, id=2116, stack(0x0000000029920000,0x0000000029a20000)]
  0x000000001f32b800 JavaThread "jar transforms Thread 77" [_thread_blocked, id=11072, stack(0x0000000029820000,0x0000000029920000)]
  0x000000001f331800 JavaThread "jar transforms Thread 76" [_thread_blocked, id=14876, stack(0x0000000029720000,0x0000000029820000)]
  0x000000001f32d000 JavaThread "jar transforms Thread 75" [_thread_blocked, id=11300, stack(0x0000000029620000,0x0000000029720000)]
  0x000000001f32d800 JavaThread "jar transforms Thread 74" [_thread_blocked, id=11116, stack(0x0000000029520000,0x0000000029620000)]
  0x000000001f32c000 JavaThread "jar transforms Thread 73" [_thread_blocked, id=1188, stack(0x0000000029420000,0x0000000029520000)]
  0x0000000021e09000 JavaThread "jar transforms Thread 72" [_thread_blocked, id=2204, stack(0x0000000029320000,0x0000000029420000)]
  0x0000000021e0c000 JavaThread "jar transforms Thread 71" [_thread_blocked, id=6712, stack(0x0000000029220000,0x0000000029320000)]
  0x0000000021e04800 JavaThread "jar transforms Thread 70" [_thread_blocked, id=14528, stack(0x0000000029120000,0x0000000029220000)]
  0x0000000021e0b800 JavaThread "jar transforms Thread 69" [_thread_blocked, id=15420, stack(0x0000000029020000,0x0000000029120000)]
  0x0000000021e0a000 JavaThread "jar transforms Thread 68" [_thread_blocked, id=14328, stack(0x0000000028f20000,0x0000000029020000)]
  0x0000000021e07800 JavaThread "jar transforms Thread 67" [_thread_blocked, id=10268, stack(0x0000000028e20000,0x0000000028f20000)]
  0x0000000021e04000 JavaThread "jar transforms Thread 66" [_thread_blocked, id=14576, stack(0x0000000028d20000,0x0000000028e20000)]
  0x0000000021e08800 JavaThread "jar transforms Thread 65" [_thread_blocked, id=14968, stack(0x0000000028c20000,0x0000000028d20000)]
  0x0000000021e06000 JavaThread "jar transforms Thread 64" [_thread_blocked, id=15136, stack(0x0000000028b20000,0x0000000028c20000)]
  0x0000000021e05800 JavaThread "jar transforms Thread 63" [_thread_blocked, id=15288, stack(0x0000000028a20000,0x0000000028b20000)]
  0x0000000021e0a800 JavaThread "jar transforms Thread 62" [_thread_blocked, id=16000, stack(0x0000000028920000,0x0000000028a20000)]
  0x0000000021e07000 JavaThread "jar transforms Thread 61" [_thread_blocked, id=9888, stack(0x0000000028820000,0x0000000028920000)]
  0x0000000021e02800 JavaThread "jar transforms Thread 60" [_thread_blocked, id=144, stack(0x0000000028720000,0x0000000028820000)]
  0x0000000021dfe000 JavaThread "jar transforms Thread 59" [_thread_blocked, id=7148, stack(0x0000000028620000,0x0000000028720000)]
  0x0000000021dfd000 JavaThread "jar transforms Thread 58" [_thread_blocked, id=14668, stack(0x0000000028520000,0x0000000028620000)]
  0x0000000021e01000 JavaThread "jar transforms Thread 57" [_thread_blocked, id=10196, stack(0x0000000028420000,0x0000000028520000)]
  0x0000000021e00000 JavaThread "jar transforms Thread 56" [_thread_blocked, id=3144, stack(0x0000000028320000,0x0000000028420000)]
  0x0000000021e01800 JavaThread "jar transforms Thread 55" [_thread_blocked, id=2592, stack(0x0000000028220000,0x0000000028320000)]
  0x0000000021dfe800 JavaThread "jar transforms Thread 54" [_thread_blocked, id=15856, stack(0x0000000028120000,0x0000000028220000)]
  0x0000000021dff800 JavaThread "jar transforms Thread 53" [_thread_blocked, id=11712, stack(0x0000000028020000,0x0000000028120000)]
  0x0000000021e03000 JavaThread "jar transforms Thread 52" [_thread_blocked, id=10076, stack(0x0000000027f20000,0x0000000028020000)]
  0x000000001c842800 JavaThread "jar transforms Thread 51" [_thread_blocked, id=3264, stack(0x0000000027e20000,0x0000000027f20000)]
  0x000000001c844000 JavaThread "jar transforms Thread 50" [_thread_blocked, id=14340, stack(0x0000000027d20000,0x0000000027e20000)]
  0x000000001c843000 JavaThread "jar transforms Thread 49" [_thread_blocked, id=6296, stack(0x0000000027c20000,0x0000000027d20000)]
  0x000000001c841800 JavaThread "jar transforms Thread 48" [_thread_blocked, id=13080, stack(0x0000000027b20000,0x0000000027c20000)]
  0x000000001c841000 JavaThread "jar transforms Thread 47" [_thread_blocked, id=2964, stack(0x0000000027a20000,0x0000000027b20000)]
  0x000000001c839800 JavaThread "jar transforms Thread 46" [_thread_blocked, id=6752, stack(0x0000000027920000,0x0000000027a20000)]
  0x000000001c840000 JavaThread "jar transforms Thread 45" [_thread_blocked, id=16372, stack(0x0000000027820000,0x0000000027920000)]
  0x000000001c838800 JavaThread "jar transforms Thread 44" [_thread_blocked, id=1232, stack(0x0000000027720000,0x0000000027820000)]
  0x000000001c83f800 JavaThread "jar transforms Thread 43" [_thread_blocked, id=15500, stack(0x0000000027620000,0x0000000027720000)]
  0x000000001c83e000 JavaThread "jar transforms Thread 42" [_thread_blocked, id=13548, stack(0x0000000027520000,0x0000000027620000)]
  0x000000001c83e800 JavaThread "jar transforms Thread 41" [_thread_blocked, id=6652, stack(0x0000000027420000,0x0000000027520000)]
  0x000000001c836800 JavaThread "jar transforms Thread 40" [_thread_blocked, id=10760, stack(0x0000000027320000,0x0000000027420000)]
  0x000000001c837000 JavaThread "jar transforms Thread 39" [_thread_blocked, id=13372, stack(0x0000000027220000,0x0000000027320000)]
  0x000000001c83b800 JavaThread "jar transforms Thread 38" [_thread_blocked, id=15756, stack(0x0000000027120000,0x0000000027220000)]
  0x000000001c83d000 JavaThread "jar transforms Thread 37" [_thread_blocked, id=8148, stack(0x0000000027020000,0x0000000027120000)]
  0x000000001c83c800 JavaThread "jar transforms Thread 36" [_thread_blocked, id=9556, stack(0x0000000026f20000,0x0000000027020000)]
  0x000000001c835800 JavaThread "jar transforms Thread 35" [_thread_blocked, id=6740, stack(0x0000000026e20000,0x0000000026f20000)]
  0x000000001c835000 JavaThread "jar transforms Thread 34" [_thread_blocked, id=15492, stack(0x0000000026d20000,0x0000000026e20000)]
  0x000000001c83b000 JavaThread "jar transforms Thread 33" [_thread_blocked, id=16248, stack(0x0000000026c20000,0x0000000026d20000)]
  0x000000001c83a000 JavaThread "jar transforms Thread 32" [_thread_blocked, id=9188, stack(0x0000000026b20000,0x0000000026c20000)]
  0x000000001c838000 JavaThread "jar transforms Thread 31" [_thread_blocked, id=6164, stack(0x0000000026a20000,0x0000000026b20000)]
  0x000000002219e000 JavaThread "jar transforms Thread 30" [_thread_blocked, id=9144, stack(0x0000000026920000,0x0000000026a20000)]
  0x000000002219c800 JavaThread "jar transforms Thread 29" [_thread_blocked, id=14532, stack(0x0000000026820000,0x0000000026920000)]
  0x000000002219b800 JavaThread "jar transforms Thread 28" [_thread_blocked, id=4876, stack(0x0000000026720000,0x0000000026820000)]
  0x0000000022199800 JavaThread "jar transforms Thread 27" [_thread_blocked, id=3456, stack(0x0000000026620000,0x0000000026720000)]
  0x000000002219d000 JavaThread "jar transforms Thread 26" [_thread_blocked, id=4924, stack(0x0000000026520000,0x0000000026620000)]
  0x0000000022198800 JavaThread "jar transforms Thread 25" [_thread_blocked, id=15640, stack(0x0000000026420000,0x0000000026520000)]
  0x000000002219b000 JavaThread "jar transforms Thread 24" [_thread_blocked, id=2468, stack(0x0000000026320000,0x0000000026420000)]
  0x0000000022198000 JavaThread "jar transforms Thread 23" [_thread_blocked, id=8152, stack(0x0000000026220000,0x0000000026320000)]
  0x000000002219a000 JavaThread "jar transforms Thread 22" [_thread_blocked, id=10356, stack(0x0000000026120000,0x0000000026220000)]
  0x000000002219f000 JavaThread "jar transforms Thread 21" [_thread_blocked, id=3496, stack(0x0000000026020000,0x0000000026120000)]
  0x0000000022190800 JavaThread "jar transforms Thread 20" [_thread_blocked, id=2768, stack(0x0000000025f20000,0x0000000026020000)]
  0x0000000022197000 JavaThread "jar transforms Thread 19" [_thread_blocked, id=736, stack(0x0000000025e20000,0x0000000025f20000)]
  0x0000000022195800 JavaThread "jar transforms Thread 18" [_thread_blocked, id=10396, stack(0x0000000025d20000,0x0000000025e20000)]
  0x0000000022195000 JavaThread "jar transforms Thread 17" [_thread_blocked, id=4872, stack(0x0000000025c20000,0x0000000025d20000)]
  0x0000000022193800 JavaThread "jar transforms Thread 16" [_thread_blocked, id=2428, stack(0x0000000025b20000,0x0000000025c20000)]
  0x000000002218f800 JavaThread "jar transforms Thread 15" [_thread_blocked, id=14496, stack(0x0000000025a20000,0x0000000025b20000)]
  0x0000000022192800 JavaThread "jar transforms Thread 14" [_thread_blocked, id=11968, stack(0x0000000025920000,0x0000000025a20000)]
  0x0000000022192000 JavaThread "jar transforms Thread 13" [_thread_blocked, id=11036, stack(0x0000000025820000,0x0000000025920000)]
  0x0000000022194000 JavaThread "jar transforms Thread 12" [_thread_blocked, id=8840, stack(0x0000000025720000,0x0000000025820000)]
  0x0000000022191000 JavaThread "jar transforms Thread 11" [_thread_blocked, id=13920, stack(0x0000000025620000,0x0000000025720000)]
  0x0000000022196800 JavaThread "jar transforms Thread 10" [_thread_blocked, id=13864, stack(0x0000000025520000,0x0000000025620000)]
  0x000000001bdc8000 JavaThread "jar transforms Thread 9" [_thread_blocked, id=16108, stack(0x0000000025420000,0x0000000025520000)]
  0x000000001bdc7000 JavaThread "jar transforms Thread 8" [_thread_blocked, id=12728, stack(0x0000000025320000,0x0000000025420000)]
  0x000000001bdc6800 JavaThread "jar transforms Thread 7" [_thread_blocked, id=10624, stack(0x0000000025220000,0x0000000025320000)]
  0x000000001bdc4000 JavaThread "jar transforms Thread 6" [_thread_blocked, id=1764, stack(0x0000000025120000,0x0000000025220000)]
  0x000000001bdc2800 JavaThread "jar transforms Thread 5" [_thread_blocked, id=11584, stack(0x0000000025020000,0x0000000025120000)]
  0x000000001bdc3800 JavaThread "jar transforms Thread 4" [_thread_blocked, id=11592, stack(0x0000000024f20000,0x0000000025020000)]
  0x000000001bdc9800 JavaThread "jar transforms Thread 3" [_thread_blocked, id=4788, stack(0x0000000024e20000,0x0000000024f20000)]
  0x000000001bdc8800 JavaThread "jar transforms Thread 2" [_thread_blocked, id=10220, stack(0x0000000024d20000,0x0000000024e20000)]
  0x000000001bdc5800 JavaThread "Build operations Thread 8" [_thread_blocked, id=12800, stack(0x0000000024b20000,0x0000000024c20000)]
  0x000000001bdc5000 JavaThread "Build operations Thread 7" [_thread_in_Java, id=11240, stack(0x0000000024a20000,0x0000000024b20000)]
  0x000000001bdbd800 JavaThread "Build operations Thread 6" [_thread_blocked, id=12200, stack(0x0000000024920000,0x0000000024a20000)]
  0x000000001bdbb000 JavaThread "Build operations Thread 5" [_thread_in_Java, id=11096, stack(0x0000000024820000,0x0000000024920000)]
  0x000000001bdbc800 JavaThread "Build operations Thread 4" [_thread_in_Java, id=15896, stack(0x0000000024720000,0x0000000024820000)]
  0x000000001bdc2000 JavaThread "Build operations Thread 3" [_thread_in_Java, id=14928, stack(0x0000000024620000,0x0000000024720000)]
  0x000000001bdbc000 JavaThread "Build operations Thread 2" [_thread_in_Java, id=7372, stack(0x0000000024520000,0x0000000024620000)]
  0x000000001bdba800 JavaThread "Build operations" [_thread_in_Java, id=15096, stack(0x0000000024420000,0x0000000024520000)]
  0x000000001c565800 JavaThread "Cache worker for file content cache (C:\Users\slava\.gradle\caches\6.5\fileContent)" [_thread_blocked, id=16064, stack(0x0000000022d50000,0x0000000022e50000)]
  0x000000001c564000 JavaThread "jar transforms" [_thread_blocked, id=11908, stack(0x0000000022c50000,0x0000000022d50000)]
  0x000000001c568000 JavaThread "Cache worker for execution history cache (C:\Users\slava\.gradle\caches\6.5\executionHistory)" [_thread_blocked, id=4736, stack(0x0000000022450000,0x0000000022550000)]
  0x000000001c569800 JavaThread "Cache worker for cache directory md-rule (C:\Users\slava\.gradle\caches\6.5\md-rule)" [_thread_blocked, id=11136, stack(0x0000000022350000,0x0000000022450000)]
  0x000000001c567000 JavaThread "Cache worker for cache directory md-supplier (C:\Users\slava\.gradle\caches\6.5\md-supplier)" [_thread_blocked, id=2992, stack(0x0000000021000000,0x0000000021100000)]
  0x000000001c563800 JavaThread "Cache worker for checksums cache (C:\Users\slava\AndroidStudioProjects\xmlreader\.gradle\checksums)" [_thread_blocked, id=8536, stack(0x0000000020f00000,0x0000000021000000)]
  0x000000001c562800 JavaThread "Cache worker for file hash cache (C:\Users\slava\AndroidStudioProjects\xmlreader\.gradle\6.5\fileHashes)" [_thread_blocked, id=8212, stack(0x0000000022750000,0x0000000022850000)]
  0x000000001c565000 JavaThread "Cache worker for file hash cache (C:\Users\slava\.gradle\caches\6.5\fileHashes)" [_thread_blocked, id=8172, stack(0x000000001ea60000,0x000000001eb60000)]
  0x000000001c568800 JavaThread "File lock request listener" [_thread_in_native, id=12752, stack(0x000000001e960000,0x000000001ea60000)]
  0x000000001c737800 JavaThread "Cache worker for journal cache (C:\Users\slava\.gradle\caches\journal-1)" [_thread_blocked, id=7100, stack(0x000000001e860000,0x000000001e960000)]
  0x000000001c660000 JavaThread "Thread-9" [_thread_blocked, id=11664, stack(0x000000001e560000,0x000000001e660000)]
  0x000000001c663800 JavaThread "Stdin handler" [_thread_blocked, id=9276, stack(0x000000001e460000,0x000000001e560000)]
  0x000000001c662800 JavaThread "Asynchronous log dispatcher for DefaultDaemonConnection: socket connection from /127.0.0.1:61476 to /127.0.0.1:61477" [_thread_blocked, id=13848, stack(0x000000001e360000,0x000000001e460000)]
  0x000000001c668000 JavaThread "Daemon worker" [_thread_blocked, id=10920, stack(0x000000001e260000,0x000000001e360000)]
  0x000000001c667000 JavaThread "Cancel handler" [_thread_blocked, id=4364, stack(0x000000001e160000,0x000000001e260000)]
  0x000000001c62f800 JavaThread "Handler for socket connection from /127.0.0.1:61476 to /127.0.0.1:61477" [_thread_in_native, id=10488, stack(0x000000001e060000,0x000000001e160000)]
  0x000000001c5c0000 JavaThread "Daemon" [_thread_blocked, id=14644, stack(0x000000001df60000,0x000000001e060000)]
  0x000000001c5bd000 JavaThread "Daemon periodic checks" [_thread_blocked, id=4396, stack(0x000000001dc60000,0x000000001dd60000)]
  0x000000001c580800 JavaThread "Incoming local TCP Connector on port 61476" [_thread_in_native, id=11064, stack(0x000000001da20000,0x000000001db20000)]
  0x000000001bf2c000 JavaThread "Daemon health stats" [_thread_blocked, id=2172, stack(0x000000001d3e0000,0x000000001d4e0000)]
  0x0000000019bc9000 JavaThread "Service Thread" daemon [_thread_blocked, id=14432, stack(0x000000001a840000,0x000000001a940000)]
  0x0000000019b84800 JavaThread "C1 CompilerThread3" daemon [_thread_blocked, id=5392, stack(0x000000001a740000,0x000000001a840000)]
  0x0000000019b7d000 JavaThread "C2 CompilerThread2" daemon [_thread_in_native, id=8100, stack(0x000000001a640000,0x000000001a740000)]
=>0x0000000017d8c000 JavaThread "C2 CompilerThread1" daemon [_thread_in_native, id=8856, stack(0x000000001a540000,0x000000001a640000)]
  0x0000000019b72800 JavaThread "C2 CompilerThread0" daemon [_thread_in_native, id=11140, stack(0x000000001a440000,0x000000001a540000)]
  0x0000000019b71000 JavaThread "Attach Listener" daemon [_thread_blocked, id=2820, stack(0x000000001a340000,0x000000001a440000)]
  0x0000000019b70800 JavaThread "Signal Dispatcher" daemon [_thread_blocked, id=6072, stack(0x000000001a240000,0x000000001a340000)]
  0x0000000019b61800 JavaThread "Finalizer" daemon [_thread_blocked, id=8288, stack(0x000000001a040000,0x000000001a140000)]
  0x0000000019b60800 JavaThread "Reference Handler" daemon [_thread_blocked, id=10128, stack(0x0000000019f40000,0x000000001a040000)]
  0x0000000002a1d800 JavaThread "main" [_thread_blocked, id=14660, stack(0x0000000002b10000,0x0000000002c10000)]

Other Threads:
  0x0000000017d78000 VMThread [stack: 0x0000000019a40000,0x0000000019b40000] [id=4704]
  0x0000000019bc9800 WatcherThread [stack: 0x000000001a940000,0x000000001aa40000] [id=14204]

VM state:not at safepoint (normal execution)

VM Mutex/Monitor currently owned by a thread: None

heap address: 0x0000000080000000, size: 2048 MB, Compressed Oops mode: 32-bit
Narrow klass base: 0x0000000000000000, Narrow klass shift: 3
Compressed class space size: 1073741824 Address: 0x0000000100000000

Heap:
 PSYoungGen      total 413696K, used 282405K [0x00000000d5580000, 0x00000000f6300000, 0x0000000100000000)
  eden space 384512K, 67% used [0x00000000d5580000,0x00000000e5197520,0x00000000ecd00000)
  from space 29184K, 83% used [0x00000000f0100000,0x00000000f18b1f18,0x00000000f1d80000)
  to   space 53248K, 0% used [0x00000000ecd00000,0x00000000ecd00000,0x00000000f0100000)
 ParOldGen       total 206336K, used 114836K [0x0000000080000000, 0x000000008c980000, 0x00000000d5580000)
  object space 206336K, 55% used [0x0000000080000000,0x0000000087025298,0x000000008c980000)
 Metaspace       used 81037K, capacity 84938K, committed 87576K, reserved 1126400K
  class space    used 10988K, capacity 11732K, committed 12592K, reserved 1048576K

Card table byte_map: [0x00000000120d0000,0x00000000124e0000] byte_map_base: 0x0000000011cd0000

Marking Bits: (ParMarkBitMap*) 0x000000006a22f030
 Begin Bits: [0x0000000012f90000, 0x0000000014f90000)
 End Bits:   [0x0000000014f90000, 0x0000000016f90000)

Polling page: 0x0000000001160000

CodeCache: size=245760Kb used=34320Kb max_used=34320Kb free=211439Kb
 bounds [0x0000000002d10000, 0x0000000004ec0000, 0x0000000011d10000]
 total_blobs=11979 nmethods=11159 adapters=730
 compilation: enabled

Compilation events (10 events):
Event: 10.700 Thread 0x0000000019b84800 12972       2       com.android.tools.r8.graph.X0$$Lambda$1831/1662229843::test (12 bytes)
Event: 10.700 Thread 0x0000000019b84800 nmethod 12972 0x0000000004eab910 code [0x0000000004eaba80, 0x0000000004eabc28]
Event: 10.703 Thread 0x0000000019b84800 12974       2       com.android.tools.r8.graph.l0$l::hashCode (8 bytes)
Event: 10.703 Thread 0x0000000019b84800 nmethod 12974 0x0000000004eabd50 code [0x0000000004eabea0, 0x0000000004eabff0]
Event: 10.704 Thread 0x0000000019b84800 12975       2       com.android.tools.r8.graph.l0$v::u (4 bytes)
Event: 10.704 Thread 0x0000000019b84800 nmethod 12975 0x0000000004eac090 code [0x0000000004eac1e0, 0x0000000004eac330]
Event: 10.704 Thread 0x0000000019b84800 12977       2       com.android.tools.r8.dex.t::b (10 bytes)
Event: 10.704 Thread 0x0000000019b84800 nmethod 12977 0x0000000004eac3d0 code [0x0000000004eac540, 0x0000000004eac6a8]
Event: 10.705 Thread 0x0000000019b84800 12978       2       com.android.tools.r8.graph.g1::equals (31 bytes)
Event: 10.705 Thread 0x0000000019b84800 nmethod 12978 0x0000000004eac750 code [0x0000000004eac8c0, 0x0000000004eacae8]

GC Heap History (10 events):
Event: 8.546 GC heap before
{Heap before GC invocations=14 (full 3):
 PSYoungGen      total 413696K, used 81081K [0x00000000d5580000, 0x00000000f6300000, 0x0000000100000000)
  eden space 384512K, 13% used [0x00000000d5580000,0x00000000d8831518,0x00000000ecd00000)
  from space 29184K, 99% used [0x00000000f0100000,0x00000000f1d7d090,0x00000000f1d80000)
  to   space 53248K, 0% used [0x00000000ecd00000,0x00000000ecd00000,0x00000000f0100000)
 ParOldGen       total 206336K, used 97119K [0x0000000080000000, 0x000000008c980000, 0x00000000d5580000)
  object space 206336K, 47% used [0x0000000080000000,0x0000000085ed7db8,0x000000008c980000)
 Metaspace       used 78934K, capacity 84170K, committed 84248K, reserved 1128448K
  class space    used 11175K, capacity 12274K, committed 12336K, reserved 1048576K
Event: 8.567 GC heap after
Heap after GC invocations=14 (full 3):
 PSYoungGen      total 437760K, used 9253K [0x00000000d5580000, 0x00000000f6300000, 0x0000000100000000)
  eden space 384512K, 0% used [0x00000000d5580000,0x00000000d5580000,0x00000000ecd00000)
  from space 53248K, 17% used [0x00000000ecd00000,0x00000000ed6094e0,0x00000000f0100000)
  to   space 29184K, 0% used [0x00000000f0100000,0x00000000f0100000,0x00000000f1d80000)
 ParOldGen       total 206336K, used 125752K [0x0000000080000000, 0x000000008c980000, 0x00000000d5580000)
  object space 206336K, 60% used [0x0000000080000000,0x0000000087ace030,0x000000008c980000)
 Metaspace       used 78934K, capacity 84170K, committed 84248K, reserved 1128448K
  class space    used 11175K, capacity 12274K, committed 12336K, reserved 1048576K
}
Event: 8.567 GC heap before
{Heap before GC invocations=15 (full 4):
 PSYoungGen      total 437760K, used 9253K [0x00000000d5580000, 0x00000000f6300000, 0x0000000100000000)
  eden space 384512K, 0% used [0x00000000d5580000,0x00000000d5580000,0x00000000ecd00000)
  from space 53248K, 17% used [0x00000000ecd00000,0x00000000ed6094e0,0x00000000f0100000)
  to   space 29184K, 0% used [0x00000000f0100000,0x00000000f0100000,0x00000000f1d80000)
 ParOldGen       total 206336K, used 125752K [0x0000000080000000, 0x000000008c980000, 0x00000000d5580000)
  object space 206336K, 60% used [0x0000000080000000,0x0000000087ace030,0x000000008c980000)
 Metaspace       used 78934K, capacity 84170K, committed 84248K, reserved 1128448K
  class space    used 11175K, capacity 12274K, committed 12336K, reserved 1048576K
Event: 8.790 GC heap after
Heap after GC invocations=15 (full 4):
 PSYoungGen      total 437760K, used 0K [0x00000000d5580000, 0x00000000f6300000, 0x0000000100000000)
  eden space 384512K, 0% used [0x00000000d5580000,0x00000000d5580000,0x00000000ecd00000)
  from space 53248K, 0% used [0x00000000ecd00000,0x00000000ecd00000,0x00000000f0100000)
  to   space 29184K, 0% used [0x00000000f0100000,0x00000000f0100000,0x00000000f1d80000)
 ParOldGen       total 206336K, used 114820K [0x0000000080000000, 0x000000008c980000, 0x00000000d5580000)
  object space 206336K, 55% used [0x0000000080000000,0x0000000087021298,0x000000008c980000)
 Metaspace       used 77595K, capacity 81096K, committed 84248K, reserved 1124352K
  class space    used 10696K, capacity 11415K, committed 12336K, reserved 1048576K
}
Event: 9.630 GC heap before
{Heap before GC invocations=16 (full 4):
 PSYoungGen      total 437760K, used 384512K [0x00000000d5580000, 0x00000000f6300000, 0x0000000100000000)
  eden space 384512K, 100% used [0x00000000d5580000,0x00000000ecd00000,0x00000000ecd00000)
  from space 53248K, 0% used [0x00000000ecd00000,0x00000000ecd00000,0x00000000f0100000)
  to   space 29184K, 0% used [0x00000000f0100000,0x00000000f0100000,0x00000000f1d80000)
 ParOldGen       total 206336K, used 114820K [0x0000000080000000, 0x000000008c980000, 0x00000000d5580000)
  object space 206336K, 55% used [0x0000000080000000,0x0000000087021298,0x000000008c980000)
 Metaspace       used 79126K, capacity 82758K, committed 85912K, reserved 1124352K
  class space    used 10827K, capacity 11564K, committed 12464K, reserved 1048576K
Event: 9.644 GC heap after
Heap after GC invocations=16 (full 4):
 PSYoungGen      total 413696K, used 15077K [0x00000000d5580000, 0x00000000f6300000, 0x0000000100000000)
  eden space 384512K, 0% used [0x00000000d5580000,0x00000000d5580000,0x00000000ecd00000)
  from space 29184K, 51% used [0x00000000f0100000,0x00000000f0fb9540,0x00000000f1d80000)
  to   space 53248K, 0% used [0x00000000ecd00000,0x00000000ecd00000,0x00000000f0100000)
 ParOldGen       total 206336K, used 114820K [0x0000000080000000, 0x000000008c980000, 0x00000000d5580000)
  object space 206336K, 55% used [0x0000000080000000,0x0000000087021298,0x000000008c980000)
 Metaspace       used 79126K, capacity 82758K, committed 85912K, reserved 1124352K
  class space    used 10827K, capacity 11564K, committed 12464K, reserved 1048576K
}
Event: 10.092 GC heap before
{Heap before GC invocations=17 (full 4):
 PSYoungGen      total 413696K, used 399589K [0x00000000d5580000, 0x00000000f6300000, 0x0000000100000000)
  eden space 384512K, 100% used [0x00000000d5580000,0x00000000ecd00000,0x00000000ecd00000)
  from space 29184K, 51% used [0x00000000f0100000,0x00000000f0fb9540,0x00000000f1d80000)
  to   space 53248K, 0% used [0x00000000ecd00000,0x00000000ecd00000,0x00000000f0100000)
 ParOldGen       total 206336K, used 114820K [0x0000000080000000, 0x000000008c980000, 0x00000000d5580000)
  object space 206336K, 55% used [0x0000000080000000,0x0000000087021298,0x000000008c980000)
 Metaspace       used 79680K, capacity 83270K, committed 86424K, reserved 1124352K
  class space    used 10827K, capacity 11564K, committed 12464K, reserved 1048576K
Event: 10.106 GC heap after
Heap after GC invocations=17 (full 4):
 PSYoungGen      total 437760K, used 18980K [0x00000000d5580000, 0x00000000f6300000, 0x0000000100000000)
  eden space 384512K, 0% used [0x00000000d5580000,0x00000000d5580000,0x00000000ecd00000)
  from space 53248K, 35% used [0x00000000ecd00000,0x00000000edf890f0,0x00000000f0100000)
  to   space 29184K, 0% used [0x00000000f0100000,0x00000000f0100000,0x00000000f1d80000)
 ParOldGen       total 206336K, used 114828K [0x0000000080000000, 0x000000008c980000, 0x00000000d5580000)
  object space 206336K, 55% used [0x0000000080000000,0x0000000087023298,0x000000008c980000)
 Metaspace       used 79680K, capacity 83270K, committed 86424K, reserved 1124352K
  class space    used 10827K, capacity 11564K, committed 12464K, reserved 1048576K
}
Event: 10.435 GC heap before
{Heap before GC invocations=18 (full 4):
 PSYoungGen      total 437760K, used 403492K [0x00000000d5580000, 0x00000000f6300000, 0x0000000100000000)
  eden space 384512K, 100% used [0x00000000d5580000,0x00000000ecd00000,0x00000000ecd00000)
  from space 53248K, 35% used [0x00000000ecd00000,0x00000000edf890f0,0x00000000f0100000)
  to   space 29184K, 0% used [0x00000000f0100000,0x00000000f0100000,0x00000000f1d80000)
 ParOldGen       total 206336K, used 114828K [0x0000000080000000, 0x000000008c980000, 0x00000000d5580000)
  object space 206336K, 55% used [0x0000000080000000,0x0000000087023298,0x000000008c980000)
 Metaspace       used 79866K, capacity 83568K, committed 86680K, reserved 1126400K
  class space    used 10832K, capacity 11569K, committed 12464K, reserved 1048576K
Event: 10.453 GC heap after
Heap after GC invocations=18 (full 4):
 PSYoungGen      total 413696K, used 24263K [0x00000000d5580000, 0x00000000f6300000, 0x0000000100000000)
  eden space 384512K, 0% used [0x00000000d5580000,0x00000000d5580000,0x00000000ecd00000)
  from space 29184K, 83% used [0x00000000f0100000,0x00000000f18b1f18,0x00000000f1d80000)
  to   space 53248K, 0% used [0x00000000ecd00000,0x00000000ecd00000,0x00000000f0100000)
 ParOldGen       total 206336K, used 114836K [0x0000000080000000, 0x000000008c980000, 0x00000000d5580000)
  object space 206336K, 55% used [0x0000000080000000,0x0000000087025298,0x000000008c980000)
 Metaspace       used 79866K, capacity 83568K, committed 86680K, reserved 1126400K
  class space    used 10832K, capacity 11569K, committed 12464K, reserved 1048576K
}

Deoptimization events (10 events):
Event: 9.554 Thread 0x000000001bdbb000 Uncommon trap: reason=bimorphic action=maybe_recompile pc=0x0000000004a27408 method=com.android.tools.r8.q.a.a.b.u0.a(Ljava/util/Collection;)Lcom/android/tools/r8/q/a/a/b/u0; @ 47
Event: 9.856 Thread 0x000000001bdc5000 Uncommon trap: reason=unstable_if action=reinterpret pc=0x0000000003131c24 method=com.android.tools.r8.graph.G0$c.a()V @ 269
Event: 9.868 Thread 0x000000001bdc2000 Uncommon trap: reason=unstable_if action=reinterpret pc=0x00000000049c8118 method=com.android.tools.r8.q.a.a.b.u0.b(I[Ljava/lang/Object;)Lcom/android/tools/r8/q/a/a/b/u0; @ 113
Event: 9.887 Thread 0x000000001bdbc800 Uncommon trap: reason=unstable_if action=reinterpret pc=0x00000000037034d0 method=java.util.HashMap.getNode(ILjava/lang/Object;)Ljava/util/HashMap$Node; @ 84
Event: 9.894 Thread 0x000000001bdbc000 Uncommon trap: reason=unstable_if action=reinterpret pc=0x00000000046b5ef4 method=com.android.tools.r8.z.a.a.f.a(Lcom/android/tools/r8/z/a/a/a;ILjava/lang/String;[C)I @ 18
Event: 10.393 Thread 0x000000001bdc2000 Uncommon trap: reason=bimorphic action=maybe_recompile pc=0x0000000004735b1c method=java.util.stream.AbstractPipeline.copyIntoWithCancel(Ljava/util/stream/Sink;Ljava/util/Spliterator;)V @ 24
Event: 10.399 Thread 0x000000001bdbc800 Uncommon trap: reason=class_check action=maybe_recompile pc=0x0000000004d44a20 method=com.android.tools.r8.s.a.h.e.b(Lcom/android/tools/r8/s/b/k0;)V @ 379
Event: 10.607 Thread 0x000000001bdba800 Uncommon trap: reason=unstable_if action=reinterpret pc=0x00000000037b6578 method=com.android.tools.r8.t.a.a.a.h.Z0.a(Ljava/lang/Object;)I @ 52
Event: 10.634 Thread 0x000000001bdba800 Uncommon trap: reason=unstable_if action=reinterpret pc=0x0000000003794fa8 method=java.util.Arrays.equals([Ljava/lang/Object;[Ljava/lang/Object;)Z @ 47
Event: 10.679 Thread 0x000000001bdbc800 Uncommon trap: reason=bimorphic action=maybe_recompile pc=0x0000000004735b1c method=java.util.stream.AbstractPipeline.copyIntoWithCancel(Ljava/util/stream/Sink;Ljava/util/Spliterator;)V @ 24

Classes redefined (0 events):
No events

Internal exceptions (10 events):
Event: 8.111 Thread 0x000000001bdbc800 Exception <a 'java/lang/IncompatibleClassChangeError': Found class java.lang.Object, but interface was expected> (0x00000000e1fbb6c8) thrown at [C:\src\AOSP-openjdk-git\hotspot\src\share\vm\interpreter\linkResolver.cpp, line 653]
Event: 8.447 Thread 0x000000001bdbc000 Exception <a 'java/lang/NoSuchMethodError': java.lang.Object.b(Lcom/android/tools/r8/graph/n1$b;)Lcom/android/tools/r8/graph/n1$b;> (0x00000000d788a4f0) thrown at [C:\src\AOSP-openjdk-git\hotspot\src\share\vm\interpreter\linkResolver.cpp, line 620]
Event: 8.467 Thread 0x000000001bdbb000 Exception <a 'java/lang/NoSuchMethodError': java.lang.Object.lambda$comparingInt$7b0bb60$1(Ljava/util/function/ToIntFunction;Ljava/lang/Object;Ljava/lang/Object;)I> (0x00000000d79e5678) thrown at [C:\src\AOSP-openjdk-git\hotspot\src\share\vm\interpreter\l
Event: 8.467 Thread 0x000000001bdbc800 Exception <a 'java/lang/NoSuchMethodError': java.lang.Object.lambda$comparingInt$7b0bb60$1(Ljava/util/function/ToIntFunction;Ljava/lang/Object;Ljava/lang/Object;)I> (0x00000000d75f0b90) thrown at [C:\src\AOSP-openjdk-git\hotspot\src\share\vm\interpreter\l
Event: 8.467 Thread 0x000000001bdbc000 Exception <a 'java/lang/NoSuchMethodError': java.lang.Object.lambda$comparingInt$7b0bb60$1(Ljava/util/function/ToIntFunction;Ljava/lang/Object;Ljava/lang/Object;)I> (0x00000000d7940ae8) thrown at [C:\src\AOSP-openjdk-git\hotspot\src\share\vm\interpreter\l
Event: 8.467 Thread 0x000000001bdbc800 Exception <a 'java/lang/NoSuchMethodError': java.lang.Object.lambda$maxBy$1(Ljava/util/Comparator;Ljava/lang/Object;Ljava/lang/Object;)Ljava/lang/Object;> (0x00000000d75f4ea0) thrown at [C:\src\AOSP-openjdk-git\hotspot\src\share\vm\interpreter\linkResolve
Event: 8.467 Thread 0x000000001bdbb000 Exception <a 'java/lang/NoSuchMethodError': java.lang.Object.lambda$maxBy$1(Ljava/util/Comparator;Ljava/lang/Object;Ljava/lang/Object;)Ljava/lang/Object;> (0x00000000d79e99f0) thrown at [C:\src\AOSP-openjdk-git\hotspot\src\share\vm\interpreter\linkResolve
Event: 8.467 Thread 0x000000001bdc5000 Exception <a 'java/lang/NoSuchMethodError': java.lang.Object.lambda$maxBy$1(Ljava/util/Comparator;Ljava/lang/Object;Ljava/lang/Object;)Ljava/lang/Object;> (0x00000000d7a1d438) thrown at [C:\src\AOSP-openjdk-git\hotspot\src\share\vm\interpreter\linkResolve
Event: 8.467 Thread 0x000000001bdba800 Exception <a 'java/lang/NoSuchMethodError': java.lang.Object.lambda$maxBy$1(Ljava/util/Comparator;Ljava/lang/Object;Ljava/lang/Object;)Ljava/lang/Object;> (0x00000000d7832b40) thrown at [C:\src\AOSP-openjdk-git\hotspot\src\share\vm\interpreter\linkResolve
Event: 8.467 Thread 0x000000001bdbc000 Exception <a 'java/lang/NoSuchMethodError': java.lang.Object.lambda$maxBy$1(Ljava/util/Comparator;Ljava/lang/Object;Ljava/lang/Object;)Ljava/lang/Object;> (0x00000000d7944c78) thrown at [C:\src\AOSP-openjdk-git\hotspot\src\share\vm\interpreter\linkResolve

Events (10 events):
Event: 10.704 loading class com/android/tools/r8/dex/r
Event: 10.704 loading class com/android/tools/r8/dex/r done
Event: 10.705 loading class com/android/tools/r8/dex/s
Event: 10.705 loading class com/android/tools/r8/dex/s done
Event: 10.705 loading class com/android/tools/r8/graph/v
Event: 10.705 loading class com/android/tools/r8/graph/v done
Event: 10.705 loading class com/android/tools/r8/graph/v
Event: 10.705 loading class com/android/tools/r8/graph/v done
Event: 10.705 loading class com/android/tools/r8/dex/r
Event: 10.705 loading class com/android/tools/r8/dex/r done


Dynamic libraries:
0x00007ff6356e0000 - 0x00007ff635711000 	C:\Program Files\Android\Android Studio\jre\bin\java.exe
0x00007ff827e60000 - 0x00007ff828050000 	C:\WINDOWS\SYSTEM32\ntdll.dll
0x00007ff826470000 - 0x00007ff826522000 	C:\WINDOWS\System32\KERNEL32.DLL
0x00007ff825600000 - 0x00007ff8258a5000 	C:\WINDOWS\System32\KERNELBASE.dll
0x00007ff826f40000 - 0x00007ff826fe3000 	C:\WINDOWS\System32\ADVAPI32.dll
0x00007ff8265e0000 - 0x00007ff82667e000 	C:\WINDOWS\System32\msvcrt.dll
0x00007ff826540000 - 0x00007ff8265d7000 	C:\WINDOWS\System32\sechost.dll
0x00007ff826c60000 - 0x00007ff826d80000 	C:\WINDOWS\System32\RPCRT4.dll
0x00007ff826ff0000 - 0x00007ff827184000 	C:\WINDOWS\System32\USER32.dll
0x00007ff8255d0000 - 0x00007ff8255f1000 	C:\WINDOWS\System32\win32u.dll
0x00007ff827190000 - 0x00007ff8271b6000 	C:\WINDOWS\System32\GDI32.dll
0x00007ff825bd0000 - 0x00007ff825d66000 	C:\WINDOWS\System32\gdi32full.dll
0x00007ff825900000 - 0x00007ff82599e000 	C:\WINDOWS\System32\msvcp_win.dll
0x00007ff825ad0000 - 0x00007ff825bca000 	C:\WINDOWS\System32\ucrtbase.dll
0x00007ff813510000 - 0x00007ff813794000 	C:\WINDOWS\WinSxS\amd64_microsoft.windows.common-controls_6595b64144ccf1df_6.0.18362.1139_none_9e7bf2d3e4605ac6\COMCTL32.dll
0x00007ff827ae0000 - 0x00007ff827e15000 	C:\WINDOWS\System32\combase.dll
0x00007ff8259a0000 - 0x00007ff825a20000 	C:\WINDOWS\System32\bcryptPrimitives.dll
0x00007ff826680000 - 0x00007ff8266ae000 	C:\WINDOWS\System32\IMM32.DLL
0x0000000068b50000 - 0x0000000068c22000 	C:\Program Files\Android\Android Studio\jre\jre\bin\msvcr100.dll
0x0000000069a60000 - 0x000000006a2ab000 	C:\Program Files\Android\Android Studio\jre\jre\bin\server\jvm.dll
0x00007ff825f10000 - 0x00007ff825f18000 	C:\WINDOWS\System32\PSAPI.DLL
0x00007ff821880000 - 0x00007ff8218a4000 	C:\WINDOWS\SYSTEM32\WINMM.dll
0x00007ff820670000 - 0x00007ff820679000 	C:\WINDOWS\SYSTEM32\WSOCK32.dll
0x00007ff823cf0000 - 0x00007ff823cfa000 	C:\WINDOWS\SYSTEM32\VERSION.dll
0x00007ff827380000 - 0x00007ff8273ef000 	C:\WINDOWS\System32\WS2_32.dll
0x00007ff821850000 - 0x00007ff82187d000 	C:\WINDOWS\SYSTEM32\WINMMBASE.dll
0x00007ff8258b0000 - 0x00007ff8258fa000 	C:\WINDOWS\System32\cfgmgr32.dll
0x00007ff821950000 - 0x00007ff82195f000 	C:\Program Files\Android\Android Studio\jre\jre\bin\verify.dll
0x00007ff821900000 - 0x00007ff821929000 	C:\Program Files\Android\Android Studio\jre\jre\bin\java.dll
0x00007ff8218e0000 - 0x00007ff8218f6000 	C:\Program Files\Android\Android Studio\jre\jre\bin\zip.dll
0x00007ff8273f0000 - 0x00007ff827ad7000 	C:\WINDOWS\System32\SHELL32.dll
0x00007ff826730000 - 0x00007ff8267d9000 	C:\WINDOWS\System32\shcore.dll
0x00007ff824df0000 - 0x00007ff825570000 	C:\WINDOWS\System32\windows.storage.dll
0x00007ff824dc0000 - 0x00007ff824de3000 	C:\WINDOWS\System32\profapi.dll
0x00007ff824d50000 - 0x00007ff824d9a000 	C:\WINDOWS\System32\powrprof.dll
0x00007ff824d20000 - 0x00007ff824d30000 	C:\WINDOWS\System32\UMPDC.dll
0x00007ff826aa0000 - 0x00007ff826af2000 	C:\WINDOWS\System32\shlwapi.dll
0x00007ff824d30000 - 0x00007ff824d41000 	C:\WINDOWS\System32\kernel.appcore.dll
0x00007ff825ef0000 - 0x00007ff825f07000 	C:\WINDOWS\System32\cryptsp.dll
0x00007ff821650000 - 0x00007ff82166a000 	C:\Program Files\Android\Android Studio\jre\jre\bin\net.dll
0x00007ff824510000 - 0x00007ff824577000 	C:\WINDOWS\system32\mswsock.dll
0x00007ff821600000 - 0x00007ff821613000 	C:\Program Files\Android\Android Studio\jre\jre\bin\nio.dll
0x00007ff81e220000 - 0x00007ff81e247000 	C:\Users\slava\.gradle\native\f6784746aeab05261644944871eae4fe03e0ef1612fff0a4a95f87b438bc6780\windows-amd64\native-platform.dll
0x00007ff8218b0000 - 0x00007ff8218bd000 	C:\Program Files\Android\Android Studio\jre\jre\bin\management.dll
0x00007ff824080000 - 0x00007ff8240b3000 	C:\WINDOWS\system32\rsaenh.dll
0x00007ff825d70000 - 0x00007ff825d96000 	C:\WINDOWS\System32\bcrypt.dll
0x00007ff824c40000 - 0x00007ff824c65000 	C:\WINDOWS\SYSTEM32\USERENV.dll
0x00007ff8246e0000 - 0x00007ff8246ec000 	C:\WINDOWS\SYSTEM32\CRYPTBASE.dll
0x00007ff824220000 - 0x00007ff82425a000 	C:\WINDOWS\SYSTEM32\IPHLPAPI.DLL
0x00007ff826d80000 - 0x00007ff826d88000 	C:\WINDOWS\System32\NSI.dll
0x00007ff81d3d0000 - 0x00007ff81d3e6000 	C:\WINDOWS\SYSTEM32\dhcpcsvc6.DLL
0x00007ff81d3b0000 - 0x00007ff81d3cc000 	C:\WINDOWS\SYSTEM32\dhcpcsvc.DLL
0x00007ff824260000 - 0x00007ff82432b000 	C:\WINDOWS\SYSTEM32\DNSAPI.dll
0x00007ff81d530000 - 0x00007ff81d53b000 	C:\WINDOWS\SYSTEM32\WINNSI.DLL

VM Arguments:
jvm_args: -Xmx2048m -Dfile.encoding=UTF-8 -Duser.country=US -Duser.language=en -Duser.variant 
java_command: org.gradle.launcher.daemon.bootstrap.GradleDaemon 6.5
java_class_path (initial): C:\Users\slava\.gradle\wrapper\dists\gradle-6.5-bin\6nifqtx7604sqp1q6g8wikw7p\gradle-6.5\lib\gradle-launcher-6.5.jar
Launcher Type: SUN_STANDARD

Environment Variables:
PATH=C:\Program Files (x86)\Common Files\Oracle\Java\javapath;C:\Program Files (x86)\Intel\iCLS Client\;C:\Program Files\Intel\iCLS Client\;C:\WINDOWS\system32;C:\WINDOWS;C:\WINDOWS\System32\Wbem;C:\WINDOWS\System32\WindowsPowerShell\v1.0\;C:\Program Files (x86)\Intel\Intel(R) Management Engine Components\DAL;C:\Program Files\Intel\Intel(R) Management Engine Components\DAL;C:\Program Files (x86)\Intel\Intel(R) Management Engine Components\IPT;C:\Program Files\Intel\Intel(R) Management Engine Components\IPT;C:\Program Files\Git\cmd;C:\Program Files\PuTTY\;C:\WINDOWS\System32\OpenSSH\;C:\Program Files\KDiff3;C:\Users\slava\AppData\Local\Microsoft\WindowsApps;
USERNAME=slava
OS=Windows_NT
PROCESSOR_IDENTIFIER=Intel64 Family 6 Model 158 Stepping 9, GenuineIntel



---------------  S Y S T E M  ---------------

OS: Windows 10.0 , 64 bit Build 18362 (10.0.18362.1110)

CPU:total 8 (initial active 8) (4 cores per cpu, 2 threads per core) family 6 model 158 stepping 9, cmov, cx8, fxsr, mmx, sse, sse2, sse3, ssse3, sse4.1, sse4.2, popcnt, avx, avx2, aes, clmul, erms, rtm, 3dnowpref, lzcnt, ht, tsc, tscinvbit, bmi1, bmi2, adx

Memory: 4k page, physical 16669912k(2935908k free), swap 32816084k(5848k free)

vm_info: OpenJDK 64-Bit Server VM (25.242-b01) for windows-amd64 JRE (1.8.0_242-release-1644-b01), built by "builder" with MS VC++ 10.0 (VS2010)

time: Thu Nov 05 12:12:22 2020
timezone: Russia TZ 2 Standard Time
elapsed time: 10 seconds (0d 0h 0m 10s)

